unit (keyword)
date (identifier)
interface (keyword)
/*
     * types
     */ (comment)
type (keyword)
date_type (identifier)
; (operator)
subtype (keyword)
date_year_type (identifier)
is (keyword)
natural (keyword)
; (operator)
type (keyword)
date_month_type (identifier)
is (keyword)
( (operator)
Jan (identifier)
, (operator)
Feb (identifier)
, (operator)
Mar (identifier)
, (operator)
Apr (identifier)
, (operator)
May (identifier)
, (operator)
Jun (identifier)
, (operator)
Jul (identifier)
, (operator)
Aug (identifier)
, (operator)
Sep (identifier)
, (operator)
Oct (identifier)
, (operator)
Nov (identifier)
, (operator)
Dec (identifier)
) (operator)
; (operator)
subtype (keyword)
date_day_type (identifier)
is (keyword)
positive (keyword)
range (keyword)
1..31 (numeric literal)
; (operator)
subtype (keyword)
date_hour_type (identifier)
is (keyword)
natural (keyword)
range (keyword)
0..23 (numeric literal)
; (operator)
subtype (keyword)
date_min_type (identifier)
is (keyword)
natural (keyword)
range (keyword)
0..59 (numeric literal)
; (operator)
subtype (keyword)
date_sec_type (identifier)
is (keyword)
natural (keyword)
range (keyword)
0..59 (numeric literal)
; (operator)
subtype (keyword)
date_msec_type (identifier)
is (keyword)
natural (keyword)
range (keyword)
0..999 (numeric literal)
; (operator)
/*
    subtype date_usec_type is natural range 0..999;
    subtype date_nsec_type is natural range 0..999;
     */ (comment)
/*
     * routines
     */ (comment)
functor (keyword)
"=" (string)
( (operator)
lhs (identifier)
# (operator)
date_type (identifier)
; (operator)
rhs (identifier)
# (operator)
date_type (identifier)
) (operator)
rtrn (keyword)
boolean (keyword)
; (operator)
functor (keyword)
"<" (string)
( (operator)
lhs (identifier)
# (operator)
date_type (identifier)
; (operator)
rhs (identifier)
# (operator)
date_type (identifier)
) (operator)
rtrn (keyword)
boolean (keyword)
; (operator)
accessor (keyword)
day (identifier)
( (operator)
d (identifier)
# (operator)
date_type (identifier)
) (operator)
rtrn (keyword)
date_day_type (identifier)
; (operator)
mutator (keyword)
day (identifier)
( (operator)
d (identifier)
# (operator)
in (keyword)
out (keyword)
date_type (identifier)
; (operator)
day (identifier)
# (operator)
in (keyword)
out (keyword)
date_day_type (identifier)
; (operator)
b (identifier)
# (operator)
out (keyword)
boolean (keyword)
) (operator)
; (operator)
functor (keyword)
day_is_valid (identifier)
( (operator)
d (identifier)
# (operator)
date_type (identifier)
; (operator)
day (identifier)
# (operator)
date_day_type (identifier)
) (operator)
rtrn (keyword)
boolean (keyword)
; (operator)
accessor (keyword)
hour (identifier)
( (operator)
d (identifier)
# (operator)
date_type (identifier)
) (operator)
rtrn (keyword)
date_hour_type (identifier)
; (operator)
mutator (keyword)
hour (identifier)
( (operator)
d (identifier)
# (operator)
in (keyword)
out (keyword)
date_type (identifier)
; (operator)
h (identifier)
# (operator)
in (keyword)
date_hour_type (identifier)
) (operator)
; (operator)
functor (keyword)
is_leap_year (identifier)
( (operator)
yr (identifier)
# (operator)
date_year_type (identifier)
) (operator)
rtrn (keyword)
boolean (keyword)
; (operator)
accessor (keyword)
min (identifier)
( (operator)
d (identifier)
# (operator)
date_type (identifier)
) (operator)
rtrn (keyword)
date_min_type (identifier)
; (operator)
mutator (keyword)
min (identifier)
( (operator)
d (identifier)
# (operator)
in (keyword)
out (keyword)
date_type (identifier)
; (operator)
m (identifier)
# (operator)
in (keyword)
date_min_type (identifier)
) (operator)
; (operator)
accessor (keyword)
month (identifier)
( (operator)
d (identifier)
# (operator)
date_type (identifier)
) (operator)
rtrn (keyword)
date_month_type (identifier)
; (operator)
mutator (keyword)
month (identifier)
( (operator)
d (identifier)
# (operator)
in (keyword)
out (keyword)
date_type (identifier)
; (operator)
m (identifier)
# (operator)
in (keyword)
date_month_type (identifier)
) (operator)
; (operator)
accessor (keyword)
msec (identifier)
( (operator)
d (identifier)
# (operator)
date_type (identifier)
) (operator)
rtrn (keyword)
date_msec_type (identifier)
; (operator)
mutator (keyword)
msec (identifier)
( (operator)
d (identifier)
# (operator)
in (keyword)
out (keyword)
date_type (identifier)
; (operator)
m (identifier)
# (operator)
in (keyword)
date_msec_type (identifier)
) (operator)
; (operator)
accessor (keyword)
sec (identifier)
( (operator)
d (identifier)
# (operator)
date_type (identifier)
) (operator)
rtrn (keyword)
date_sec_type (identifier)
; (operator)
mutator (keyword)
sec (identifier)
( (operator)
d (identifier)
# (operator)
in (keyword)
out (keyword)
date_type (identifier)
; (operator)
s (identifier)
# (operator)
in (keyword)
date_sec_type (identifier)
) (operator)
; (operator)
accessor (keyword)
year (identifier)
( (operator)
d (identifier)
# (operator)
date_type (identifier)
) (operator)
rtrn (keyword)
date_year_type (identifier)
; (operator)
mutator (keyword)
year (identifier)
( (operator)
d (identifier)
# (operator)
in (keyword)
out (keyword)
date_type (identifier)
; (operator)
y (identifier)
# (operator)
in (keyword)
date_year_type (identifier)
) (operator)
; (operator)
end (keyword)
date (identifier)
; (operator)
