unit (keyword)
widget (identifier)
is (keyword)
type (keyword)
widget_type (identifier)
is (keyword)
record (keyword)
wdth (identifier)
# (operator)
widget_width_type (identifier)
; (operator)
hght (identifier)
# (operator)
widget_height_type (identifier)
; (operator)
end (keyword)
record (keyword)
; (operator)
functor (keyword)
width (identifier)
( (operator)
w (identifier)
# (operator)
widget_type (identifier)
) (operator)
rtrn (keyword)
widget_width_type (identifier)
is (keyword)
begin (keyword)
iftrue (keyword)
( (operator)
w (identifier)
. (operator)
wdth (identifier)
< (operator)
16#40# (numeric literal)
) (operator)
select (keyword)
rtrn (keyword)
w (identifier)
. (operator)
wdth (identifier)
- (operator)
5 (numeric literal)
; (operator)
end (keyword)
iftrue (keyword)
; (operator)
iftrue (keyword)
( (operator)
w (identifier)
. (operator)
wdth (identifier)
< (operator)
128 (numeric literal)
) (operator)
select (keyword)
rtrn (keyword)
w (identifier)
. (operator)
wdth (identifier)
- (operator)
5 (numeric literal)
; (operator)
elsiftrue (keyword)
( (operator)
w (identifier)
. (operator)
wdth (identifier)
< (operator)
256 (numeric literal)
) (operator)
select (keyword)
rtrn (keyword)
w (identifier)
. (operator)
wdth (identifier)
- (operator)
133 (numeric literal)
; (operator)
else (keyword)
rtrn (keyword)
w (identifier)
. (operator)
wdth (identifier)
- (operator)
259 (numeric literal)
; (operator)
end (keyword)
iftrue (keyword)
; (operator)
end (keyword)
widget (identifier)
; (operator)
functor (keyword)
height (identifier)
( (operator)
w (identifier)
# (operator)
widget_type (identifier)
) (operator)
rtrn (keyword)
widget_height_type (identifier)
is (keyword)
begin (keyword)
while (keyword)
( (operator)
w (identifier)
. (operator)
hght (identifier)
< (operator)
100 (numeric literal)
) (operator)
loop (keyword)
w (identifier)
. (operator)
hght (identifier)
:= (operator)
w (identifier)
. (operator)
hght (identifier)
+ (operator)
1 (numeric literal)
; (operator)
end (keyword)
loop (keyword)
; (operator)
rtrn (keyword)
width (identifier)
( (operator)
X (identifier)
) (operator)
; (operator)
rtrn (keyword)
X (identifier)
; (operator)
end (keyword)
height (identifier)
; (operator)
functor (keyword)
merge (identifier)
( (operator)
lhs (identifier)
# (operator)
widget_type (identifier)
; (operator)
rhs (identifier)
# (operator)
widget_type (identifier)
) (operator)
rtrn (keyword)
widget_type (identifier)
is (keyword)
x (identifier)
# (operator)
integer (keyword)
; (operator)
y (identifier)
# (operator)
integer (keyword)
; (operator)
begin (keyword)
loop (keyword)
x (identifier)
:= (operator)
x (identifier)
+ (operator)
3 (numeric literal)
; (operator)
iftrue (keyword)
( (operator)
x (identifier)
> (operator)
17 (numeric literal)
) (operator)
select (keyword)
exit (keyword)
; (operator)
end (keyword)
iftrue (keyword)
; (operator)
x (identifier)
:= (operator)
y (identifier)
[ (operator)
3 (numeric literal)
] (operator)
; (operator)
/* array indexing */ (comment)
y (identifier)
:= (operator)
x (identifier)
+ (operator)
2 (numeric literal)
; (operator)
exit (keyword)
when (keyword)
( (operator)
y (identifier)
> (operator)
37 (numeric literal)
) (operator)
; (operator)
end (keyword)
loop (keyword)
; (operator)
while (keyword)
( (operator)
lhs (identifier)
. (operator)
wdth (identifier)
!= (operator)
0 (numeric literal)
) (operator)
loop (keyword)
case (keyword)
letter (identifier)
is (keyword)
when (keyword)
'x' (character literal)
=> (operator)
y (identifier)
:= (operator)
23 (numeric literal)
; (operator)
when (keyword)
'q' (character literal)
=> (operator)
y (identifier)
:= (operator)
91 (numeric literal)
; (operator)
when (keyword)
others (keyword)
=> (operator)
y (identifier)
:= (operator)
- (operator)
1 (numeric literal)
; (operator)
end (keyword)
case (keyword)
; (operator)
end (keyword)
loop (keyword)
; (operator)
end (keyword)
merge (identifier)
; (operator)
end (keyword)
widget (identifier)
; (operator)
