unit (keyword)
widget (identifier)
interface (keyword)
iftrue (keyword)
( (operator)
w (identifier)
. (operator)
wdth (identifier)
< (operator)
16 (numeric literal)
# (operator)
40 (numeric literal)
# (operator)
) (operator)
select (keyword)
rtrn (keyword)
w (identifier)
. (operator)
wdth (identifier)
- (operator)
5 (numeric literal)
; (operator)
end (keyword)
iftrue (keyword)
; (operator)
/*
     * types
     */ (comment)
type (keyword)
widget_type (identifier)
; (operator)
subtype (keyword)
widget_width_type (identifier)
is (keyword)
natural (keyword)
range (keyword)
1 (numeric literal)
.. (operator)
255 (numeric literal)
; (operator)
subtype (keyword)
widget_height_type (identifier)
is (keyword)
natural (keyword)
range (keyword)
1 (numeric literal)
.. (operator)
128 (numeric literal)
; (operator)
/*
     * routines
     */ (comment)
functor (keyword)
width (identifier)
( (operator)
w (identifier)
# (operator)
widget_type (identifier)
) (operator)
rtrn (keyword)
widget_width_type (identifier)
; (operator)
accessor (keyword)
width (identifier)
( (operator)
w (identifier)
# (operator)
widget_type (identifier)
) (operator)
rtrn (keyword)
widget_width_type (identifier)
; (operator)
functor (keyword)
height (identifier)
( (operator)
w (identifier)
# (operator)
widget_type (identifier)
) (operator)
rtrn (keyword)
widget_height_type (identifier)
; (operator)
accessor (keyword)
height (identifier)
( (operator)
w (identifier)
# (operator)
widget_type (identifier)
) (operator)
rtrn (keyword)
widget_height_type (identifier)
; (operator)
functor (keyword)
area (identifier)
( (operator)
lhs (identifier)
# (operator)
widget_type (identifier)
; (operator)
rhs (identifier)
# (operator)
widget_type (identifier)
) (operator)
rtrn (keyword)
widget_type (identifier)
; (operator)
mutator (keyword)
merge (identifier)
( (operator)
lhs (identifier)
# (operator)
widget_type (identifier)
; (operator)
rhs (identifier)
# (operator)
widget_type (identifier)
) (operator)
; (operator)
end (keyword)
widget (identifier)
; (operator)
