unit (keyword)
complex_number (identifier)
interface (keyword)
type (keyword)
complex_number_type (identifier)
; (operator)
/*
     * accessors
     */ (comment)
accessor (keyword)
imaginary (identifier)
( (operator)
c (identifier)
# (operator)
complex_number_type (identifier)
) (operator)
rtrn (keyword)
float (keyword)
; (operator)
accessor (keyword)
real (identifier)
( (operator)
c (identifier)
# (operator)
complex_number_type (identifier)
) (operator)
rtrn (keyword)
float (keyword)
; (operator)
/*
     * operations
     */ (comment)
functor (keyword)
"-" (string)
( (operator)
c1 (identifier)
, (operator)
c2 (identifier)
# (operator)
complex_number_type (identifier)
) (operator)
rtrn (keyword)
complex_number_type (identifier)
; (operator)
functor (keyword)
"+" (string)
( (operator)
c1 (identifier)
, (operator)
c2 (identifier)
# (operator)
complex_number_type (identifier)
) (operator)
rtrn (keyword)
complex_number_type (identifier)
; (operator)
end (keyword)
complex_number (identifier)
; (operator)
