unit (keyword)
date (identifier)
is (keyword)
type (keyword)
date_type (identifier)
is (keyword)
record (keyword)
y (identifier)
# (operator)
date_year_type (identifier)
:= (operator)
1970 (numeric literal)
; (operator)
mo (identifier)
# (operator)
date_month_type (identifier)
:= (operator)
Jan (identifier)
; (operator)
d (identifier)
# (operator)
date_day_type (identifier)
:= (operator)
1 (numeric literal)
; (operator)
h (identifier)
# (operator)
date_hour_type (identifier)
:= (operator)
0 (numeric literal)
; (operator)
mi (identifier)
# (operator)
date_min_type (identifier)
:= (operator)
0 (numeric literal)
; (operator)
s (identifier)
# (operator)
date_sec_type (identifier)
:= (operator)
0 (numeric literal)
; (operator)
ms (identifier)
# (operator)
date_msec_type (identifier)
:= (operator)
0 (numeric literal)
; (operator)
end (keyword)
record (keyword)
; (operator)
functor (keyword)
"=" (string)
( (operator)
lhs (identifier)
# (operator)
date_type (identifier)
; (operator)
rhs (identifier)
# (operator)
date_type (identifier)
) (operator)
rtrn (keyword)
boolean (keyword)
is (keyword)
begin (keyword)
rtrn (keyword)
( (operator)
( (operator)
lhs (identifier)
. (operator)
y (identifier)
= (operator)
rhs (identifier)
. (operator)
y (identifier)
) (operator)
and (keyword)
( (operator)
lhs (identifier)
. (operator)
mo (identifier)
= (operator)
rhs (identifier)
. (operator)
mo (identifier)
) (operator)
and (keyword)
( (operator)
lhs (identifier)
. (operator)
d (identifier)
= (operator)
rhs (identifier)
. (operator)
d (identifier)
) (operator)
and (keyword)
( (operator)
lhs (identifier)
. (operator)
h (identifier)
= (operator)
rhs (identifier)
. (operator)
h (identifier)
) (operator)
and (keyword)
( (operator)
lhs (identifier)
. (operator)
mi (identifier)
= (operator)
rhs (identifier)
. (operator)
mi (identifier)
) (operator)
and (keyword)
( (operator)
lhs (identifier)
. (operator)
s (identifier)
= (operator)
rhs (identifier)
. (operator)
s (identifier)
) (operator)
and (keyword)
( (operator)
lhs (identifier)
. (operator)
ms (identifier)
= (operator)
rhs (identifier)
. (operator)
ms (identifier)
) (operator)
) (operator)
; (operator)
end (keyword)
"=" (string)
; (operator)
functor (keyword)
is_leap_year (identifier)
( (operator)
yr (identifier)
# (operator)
date_year_type (identifier)
) (operator)
rtrn (keyword)
boolean (keyword)
is (keyword)
begin (keyword)
iftrue (keyword)
( (operator)
( (operator)
yr (identifier)
mod (identifier)
4 (numeric literal)
) (operator)
!= (operator)
0 (numeric literal)
) (operator)
select (keyword)
rtrn (keyword)
false (identifier)
; (operator)
elsiftrue (keyword)
( (operator)
( (operator)
yr (identifier)
mod (identifier)
100 (numeric literal)
) (operator)
!= (operator)
0 (numeric literal)
) (operator)
select (keyword)
rtrn (keyword)
true (identifier)
; (operator)
elsiftrue (keyword)
( (operator)
( (operator)
yr (identifier)
mod (identifier)
400 (numeric literal)
) (operator)
!= (operator)
0 (numeric literal)
) (operator)
select (keyword)
rtrn (keyword)
false (identifier)
; (operator)
else (keyword)
rtrn (keyword)
true (identifier)
; (operator)
end (keyword)
iftrue (keyword)
; (operator)
end (keyword)
is_leap_year (identifier)
; (operator)
functor (keyword)
"<" (string)
( (operator)
lhs (identifier)
# (operator)
date_type (identifier)
; (operator)
rhs (identifier)
# (operator)
date_type (identifier)
) (operator)
rtrn (keyword)
boolean (keyword)
is (keyword)
begin (keyword)
iftrue (keyword)
( (operator)
lhs (identifier)
. (operator)
y (identifier)
> (operator)
rhs (identifier)
. (operator)
y (identifier)
) (operator)
select (keyword)
rtrn (keyword)
false (identifier)
; (operator)
end (keyword)
iftrue (keyword)
; (operator)
iftrue (keyword)
( (operator)
lhs (identifier)
. (operator)
y (identifier)
< (operator)
rhs (identifier)
. (operator)
y (identifier)
) (operator)
select (keyword)
rtrn (keyword)
true (identifier)
; (operator)
end (keyword)
iftrue (keyword)
; (operator)
/* years are equal... */ (comment)
iftrue (keyword)
( (operator)
lhs (identifier)
. (operator)
mo (identifier)
> (operator)
rhs (identifier)
. (operator)
mo (identifier)
) (operator)
select (keyword)
rtrn (keyword)
false (identifier)
; (operator)
end (keyword)
iftrue (keyword)
; (operator)
iftrue (keyword)
( (operator)
lhs (identifier)
. (operator)
mo (identifier)
< (operator)
rhs (identifier)
. (operator)
mo (identifier)
) (operator)
select (keyword)
rtrn (keyword)
true (identifier)
; (operator)
end (keyword)
iftrue (keyword)
; (operator)
/* months are equal */ (comment)
iftrue (keyword)
( (operator)
lhs (identifier)
. (operator)
d (identifier)
> (operator)
rhs (identifier)
. (operator)
d (identifier)
) (operator)
select (keyword)
rtrn (keyword)
false (identifier)
; (operator)
end (keyword)
iftrue (keyword)
; (operator)
iftrue (keyword)
( (operator)
lhs (identifier)
. (operator)
d (identifier)
< (operator)
rhs (identifier)
. (operator)
d (identifier)
) (operator)
select (keyword)
rtrn (keyword)
true (identifier)
; (operator)
end (keyword)
iftrue (keyword)
; (operator)
/* days are equal */ (comment)
iftrue (keyword)
( (operator)
lhs (identifier)
. (operator)
h (identifier)
> (operator)
rhs (identifier)
. (operator)
h (identifier)
) (operator)
select (keyword)
rtrn (keyword)
false (identifier)
; (operator)
end (keyword)
iftrue (keyword)
; (operator)
iftrue (keyword)
( (operator)
lhs (identifier)
. (operator)
h (identifier)
< (operator)
rhs (identifier)
. (operator)
h (identifier)
) (operator)
select (keyword)
rtrn (keyword)
true (identifier)
; (operator)
end (keyword)
iftrue (keyword)
; (operator)
/* hours are equal */ (comment)
iftrue (keyword)
( (operator)
lhs (identifier)
. (operator)
m (identifier)
> (operator)
rhs (identifier)
. (operator)
m (identifier)
) (operator)
select (keyword)
rtrn (keyword)
false (identifier)
; (operator)
end (keyword)
iftrue (keyword)
; (operator)
iftrue (keyword)
( (operator)
lhs (identifier)
. (operator)
m (identifier)
< (operator)
rhs (identifier)
. (operator)
m (identifier)
) (operator)
select (keyword)
rtrn (keyword)
true (identifier)
; (operator)
end (keyword)
iftrue (keyword)
; (operator)
/* minutes are equal */ (comment)
iftrue (keyword)
( (operator)
lhs (identifier)
. (operator)
s (identifier)
> (operator)
rhs (identifier)
. (operator)
s (identifier)
) (operator)
select (keyword)
rtrn (keyword)
false (identifier)
; (operator)
end (keyword)
iftrue (keyword)
; (operator)
iftrue (keyword)
( (operator)
lhs (identifier)
. (operator)
s (identifier)
< (operator)
rhs (identifier)
. (operator)
s (identifier)
) (operator)
select (keyword)
rtrn (keyword)
true (identifier)
; (operator)
end (keyword)
iftrue (keyword)
; (operator)
/* seconds are equal */ (comment)
rtrn (keyword)
( (operator)
lhs (identifier)
. (operator)
ms (identifier)
< (operator)
rhs (identifier)
. (operator)
ms (identifier)
) (operator)
; (operator)
end (keyword)
"<" (string)
; (operator)
accessor (keyword)
day (identifier)
( (operator)
d (identifier)
# (operator)
date_type (identifier)
) (operator)
rtrn (keyword)
date_day_type (identifier)
is (keyword)
begin (keyword)
rtrn (keyword)
d (identifier)
. (operator)
d (identifier)
; (operator)
end (keyword)
day (identifier)
; (operator)
mutator (keyword)
day (identifier)
( (operator)
d (identifier)
# (operator)
in (keyword)
out (keyword)
date_type (identifier)
; (operator)
day (identifier)
# (operator)
in (keyword)
out (keyword)
day_date_type (identifier)
; (operator)
b (identifier)
# (operator)
out (keyword)
boolean (keyword)
) (operator)
is (keyword)
begin (keyword)
iftrue (keyword)
( (operator)
d (identifier)
. (operator)
day_is_valid (identifier)
( (operator)
day (identifier)
) (operator)
) (operator)
select (keyword)
d (identifier)
. (operator)
d (identifier)
:= (operator)
day (identifier)
; (operator)
b (identifier)
:= (operator)
true (identifier)
; (operator)
else (keyword)
b (identifier)
:= (operator)
false (identifier)
; (operator)
end (keyword)
iftrue (keyword)
; (operator)
end (keyword)
day (identifier)
; (operator)
functor (keyword)
day_is_valid (identifier)
( (operator)
d (identifier)
# (operator)
date_type (identifier)
; (operator)
day (identifier)
# (operator)
date_day_type (identifier)
) (operator)
rtrn (keyword)
boolean (keyword)
is (keyword)
begin (keyword)
case (keyword)
( (operator)
d (identifier)
. (operator)
m (identifier)
) (operator)
is (keyword)
when (keyword)
( (operator)
Apr (identifier)
or (keyword)
Jun (identifier)
or (keyword)
Sep (identifier)
or (keyword)
Nov (identifier)
) (operator)
=> (operator)
rtrn (keyword)
day (identifier)
<= (operator)
30 (numeric literal)
; (operator)
when (keyword)
Feb (identifier)
=> (operator)
iftrue (keyword)
( (operator)
is_leap_year (identifier)
( (operator)
d (identifier)
. (operator)
y (identifier)
) (operator)
) (operator)
select (keyword)
rtrn (keyword)
day (identifier)
<= (operator)
29 (numeric literal)
; (operator)
else (keyword)
rtrn (keyword)
day (identifier)
<= (operator)
28 (numeric literal)
; (operator)
end (keyword)
iftrue (keyword)
; (operator)
when (keyword)
others (keyword)
=> (operator)
rtrn (keyword)
day (identifier)
<= (operator)
31 (numeric literal)
; (operator)
end (keyword)
case (keyword)
; (operator)
end (keyword)
day_is_valid (identifier)
; (operator)
accessor (keyword)
hour (identifier)
( (operator)
d (identifier)
# (operator)
date_type (identifier)
) (operator)
rtrn (keyword)
date_hour_type (identifier)
is (keyword)
begin (keyword)
rtrn (keyword)
d (identifier)
. (operator)
h (identifier)
; (operator)
end (keyword)
hour (identifier)
; (operator)
mutator (keyword)
hour (identifier)
( (operator)
d (identifier)
# (operator)
in (keyword)
out (keyword)
date_type (identifier)
; (operator)
h (identifier)
# (operator)
in (keyword)
date_hour_type (identifier)
) (operator)
is (keyword)
begin (keyword)
d (identifier)
. (operator)
h (identifier)
:= (operator)
h (identifier)
; (operator)
end (keyword)
hour (identifier)
; (operator)
accessor (keyword)
min (identifier)
( (operator)
d (identifier)
# (operator)
date_type (identifier)
) (operator)
rtrn (keyword)
date_min_type (identifier)
is (keyword)
begin (keyword)
rtrn (keyword)
d (identifier)
. (operator)
mi (identifier)
; (operator)
end (keyword)
min (identifier)
; (operator)
mutator (keyword)
min (identifier)
( (operator)
d (identifier)
# (operator)
in (keyword)
out (keyword)
date_type (identifier)
; (operator)
m (identifier)
# (operator)
in (keyword)
date_min_type (identifier)
) (operator)
is (keyword)
begin (keyword)
d (identifier)
. (operator)
mi (identifier)
:= (operator)
m (identifier)
; (operator)
end (keyword)
min (identifier)
; (operator)
accessor (keyword)
month (identifier)
( (operator)
d (identifier)
# (operator)
date_type (identifier)
) (operator)
rtrn (keyword)
date_month_type (identifier)
is (keyword)
begin (keyword)
rtrn (keyword)
d (identifier)
. (operator)
mo (identifier)
; (operator)
end (keyword)
month (identifier)
; (operator)
mutator (keyword)
month (identifier)
( (operator)
d (identifier)
# (operator)
in (keyword)
out (keyword)
date_type (identifier)
; (operator)
m (identifier)
# (operator)
in (keyword)
date_month_type (identifier)
) (operator)
is (keyword)
begin (keyword)
d (identifier)
. (operator)
mo (identifier)
:= (operator)
m (identifier)
; (operator)
end (keyword)
month (identifier)
; (operator)
accessor (keyword)
msec (identifier)
( (operator)
d (identifier)
# (operator)
date_type (identifier)
) (operator)
rtrn (keyword)
date_msec_type (identifier)
is (keyword)
begin (keyword)
rtrn (keyword)
d (identifier)
. (operator)
ms (identifier)
; (operator)
end (keyword)
msec (identifier)
; (operator)
mutator (keyword)
msec (identifier)
( (operator)
d (identifier)
# (operator)
in (keyword)
out (keyword)
date_type (identifier)
; (operator)
m (identifier)
# (operator)
in (keyword)
date_msec_type (identifier)
) (operator)
is (keyword)
begin (keyword)
d (identifier)
. (operator)
ms (identifier)
:= (operator)
m (identifier)
; (operator)
end (keyword)
msec (identifier)
; (operator)
accessor (keyword)
sec (identifier)
( (operator)
d (identifier)
# (operator)
date_type (identifier)
) (operator)
rtrn (keyword)
date_sec_type (identifier)
is (keyword)
begin (keyword)
rtrn (keyword)
d (identifier)
. (operator)
s (identifier)
; (operator)
end (keyword)
sec (identifier)
; (operator)
mutator (keyword)
sec (identifier)
( (operator)
d (identifier)
# (operator)
in (keyword)
out (keyword)
date_type (identifier)
; (operator)
s (identifier)
# (operator)
in (keyword)
date_sec_type (identifier)
) (operator)
is (keyword)
begin (keyword)
d (identifier)
. (operator)
s (identifier)
:= (operator)
s (identifier)
; (operator)
end (keyword)
sec (identifier)
; (operator)
accessor (keyword)
year (identifier)
( (operator)
d (identifier)
# (operator)
date_type (identifier)
) (operator)
rtrn (keyword)
date_year_type (identifier)
is (keyword)
begin (keyword)
rtrn (keyword)
d (identifier)
. (operator)
y (identifier)
; (operator)
end (keyword)
year (identifier)
; (operator)
mutator (keyword)
year (identifier)
( (operator)
d (identifier)
# (operator)
in (keyword)
out (keyword)
date_type (identifier)
; (operator)
y (identifier)
# (operator)
in (keyword)
date_year_type (identifier)
) (operator)
is (keyword)
begin (keyword)
d (identifier)
. (operator)
y (identifier)
:= (operator)
y (identifier)
; (operator)
end (keyword)
year (identifier)
; (operator)
end (keyword)
date (identifier)
; (operator)
