unit (keyword)
list (identifier)
is (keyword)
type (keyword)
listel_type (identifier)
is (keyword)
record (keyword)
data (identifier)
# (operator)
ptr_type (identifier)
:= (operator)
nil (keyword)
; (operator)
next (identifier)
# (operator)
listel_type (identifier)
:= (operator)
nil (keyword)
; (operator)
prev (identifier)
# (operator)
listel_type (identifier)
:= (operator)
nil (keyword)
; (operator)
end (keyword)
record (keyword)
; (operator)
type (keyword)
list_type (identifier)
is (keyword)
record (keyword)
head (identifier)
# (operator)
listel_type (identifier)
:= (operator)
nil (keyword)
; (operator)
tail (identifier)
# (operator)
listel_type (identifier)
:= (operator)
nil (keyword)
; (operator)
end (keyword)
record (keyword)
; (operator)
mutator (keyword)
append (identifier)
( (operator)
l (identifier)
# (operator)
in (keyword)
out (keyword)
list_type (identifier)
; (operator)
x (identifier)
# (operator)
in (keyword)
ptr_type (identifier)
) (operator)
is (keyword)
tmp (identifier)
# (operator)
listel_type (identifier)
; (operator)
begin (keyword)
tmp (identifier)
:= (operator)
alloc (identifier)
( (operator)
listel_type (identifier)
) (operator)
; (operator)
tmp (identifier)
. (operator)
data (identifier)
:= (operator)
x (identifier)
; (operator)
tmp (identifier)
. (operator)
next (identifier)
:= (operator)
nil (keyword)
; (operator)
iftrue (keyword)
( (operator)
l (identifier)
. (operator)
tail (identifier)
!= (operator)
nil (keyword)
) (operator)
select (keyword)
tmp (identifier)
. (operator)
prev (identifier)
:= (operator)
l (identifier)
. (operator)
tail (identifier)
; (operator)
l (identifier)
. (operator)
tail (identifier)
. (operator)
next (identifier)
:= (operator)
tmp (identifier)
; (operator)
l (identifier)
. (operator)
tail (identifier)
:= (operator)
tmp (identifier)
; (operator)
else (keyword)
tmp (identifier)
. (operator)
prev (identifier)
:= (operator)
nil (keyword)
; (operator)
l (identifier)
. (operator)
head (identifier)
:= (operator)
tmp (identifier)
; (operator)
l (identifier)
. (operator)
tail (identifier)
:= (operator)
tmp (identifier)
; (operator)
end (keyword)
iftrue (keyword)
; (operator)
end (keyword)
append (identifier)
; (operator)
accessor (keyword)
data (identifier)
( (operator)
e (identifier)
# (operator)
listel_type (identifier)
) (operator)
rtrn (keyword)
ptr_type (identifier)
is (keyword)
begin (keyword)
rtrn (keyword)
e (identifier)
. (operator)
data (identifier)
; (operator)
end (keyword)
data (identifier)
; (operator)
/*
     * Old and nesty version (that works)
     *
    functor find(l# list_type; x# ptr_type) rtrn listel_type is
        tmp# listel_type;
    begin
        tmp := l.head;
        while (tmp != nil) loop
            iftrue (tmp.data = x) select
                exit;
            end iftrue;
            tmp := tmp.next;
        end loop;
        rtrn tmp;
    end find;
     */ (comment)
functor (keyword)
find (identifier)
( (operator)
l (identifier)
# (operator)
list_type (identifier)
; (operator)
x (identifier)
# (operator)
ptr_type (identifier)
) (operator)
rtrn (keyword)
listel_type (identifier)
is (keyword)
tmp (identifier)
# (operator)
listel_type (identifier)
; (operator)
begin (keyword)
tmp (identifier)
:= (operator)
l (identifier)
. (operator)
head (identifier)
; (operator)
loop (keyword)
exit (keyword)
when (keyword)
( (operator)
( (operator)
tmp (identifier)
= (operator)
nil (keyword)
) (operator)
or (keyword)
( (operator)
tmp (identifier)
. (operator)
data (identifier)
= (operator)
x (identifier)
) (operator)
) (operator)
; (operator)
tmp (identifier)
:= (operator)
tmp (identifier)
. (operator)
next (identifier)
; (operator)
end (keyword)
loop (keyword)
; (operator)
rtrn (keyword)
tmp (identifier)
; (operator)
end (keyword)
find (identifier)
; (operator)
accessor (keyword)
head (identifier)
( (operator)
l (identifier)
# (operator)
list_type (identifier)
) (operator)
rtrn (keyword)
listel_type (identifier)
is (keyword)
begin (keyword)
rtrn (keyword)
l (identifier)
. (operator)
head (identifier)
; (operator)
end (keyword)
head (identifier)
; (operator)
/*
     * This routine performs a prefix insertion of an el with data x.
     */ (comment)
mutator (keyword)
insert (identifier)
( (operator)
l (identifier)
# (operator)
in (keyword)
out (keyword)
list_type (identifier)
; (operator)
/* list to insert within */ (comment)
e (identifier)
# (operator)
in (keyword)
out (keyword)
listel_type (identifier)
; (operator)
/* place to insert el before */ (comment)
x (identifier)
# (operator)
in (keyword)
ptr_type (identifier)
/* data of new el */ (comment)
) (operator)
is (keyword)
tmp (identifier)
# (operator)
listel_type (identifier)
; (operator)
begin (keyword)
tmp (identifier)
:= (operator)
alloc (identifier)
( (operator)
listel_type (identifier)
) (operator)
; (operator)
tmp (identifier)
. (operator)
data (identifier)
:= (operator)
x (identifier)
; (operator)
tmp (identifier)
. (operator)
next (identifier)
:= (operator)
e (identifier)
; (operator)
tmp (identifier)
. (operator)
prev (identifier)
:= (operator)
e (identifier)
. (operator)
prev (identifier)
; (operator)
iftrue (keyword)
( (operator)
e (identifier)
. (operator)
prev (identifier)
!= (operator)
nil (keyword)
) (operator)
select (keyword)
e (identifier)
. (operator)
prev (identifier)
. (operator)
next (identifier)
:= (operator)
tmp (identifier)
; (operator)
end (keyword)
iftrue (keyword)
; (operator)
e (identifier)
. (operator)
prev (identifier)
:= (operator)
tmp (identifier)
; (operator)
iftrue (keyword)
( (operator)
e (identifier)
= (operator)
l (identifier)
. (operator)
head (identifier)
) (operator)
select (keyword)
l (identifier)
. (operator)
head (identifier)
:= (operator)
tmp (identifier)
; (operator)
end (keyword)
iftrue (keyword)
; (operator)
end (keyword)
insert (identifier)
; (operator)
accessor (keyword)
next (identifier)
( (operator)
e (identifier)
# (operator)
listel_type (identifier)
) (operator)
rtrn (keyword)
listel_type (identifier)
is (keyword)
begin (keyword)
rtrn (keyword)
e (identifier)
. (operator)
next (identifier)
; (operator)
end (keyword)
next (identifier)
; (operator)
mutator (keyword)
prepend (identifier)
( (operator)
l (identifier)
# (operator)
in (keyword)
out (keyword)
list_type (identifier)
; (operator)
x (identifier)
# (operator)
in (keyword)
data_type (identifier)
) (operator)
is (keyword)
tmp (identifier)
# (operator)
listel_type (identifier)
; (operator)
begin (keyword)
tmp (identifier)
:= (operator)
alloc (identifier)
( (operator)
listel_type (identifier)
) (operator)
; (operator)
tmp (identifier)
. (operator)
prev (identifier)
:= (operator)
nil (keyword)
; (operator)
tmp (identifier)
. (operator)
data (identifier)
:= (operator)
x (identifier)
; (operator)
iftrue (keyword)
( (operator)
l (identifier)
. (operator)
head (identifier)
!= (operator)
nil (keyword)
) (operator)
select (keyword)
tmp (identifier)
. (operator)
next (identifier)
:= (operator)
l (identifier)
. (operator)
head (identifier)
; (operator)
l (identifier)
. (operator)
head (identifier)
. (operator)
prev (identifier)
:= (operator)
tmp (identifier)
; (operator)
l (identifier)
. (operator)
head (identifier)
:= (operator)
tmp (identifier)
; (operator)
else (keyword)
tmp (identifier)
. (operator)
next (identifier)
:= (operator)
nil (keyword)
; (operator)
l (identifier)
. (operator)
head (identifier)
:= (operator)
tmp (identifier)
; (operator)
l (identifier)
. (operator)
tail (identifier)
:= (operator)
tmp (identifier)
; (operator)
end (keyword)
iftrue (keyword)
; (operator)
end (keyword)
prepend (identifier)
; (operator)
accessor (keyword)
prev (identifier)
( (operator)
e (identifier)
# (operator)
listel_type (identifier)
) (operator)
rtrn (keyword)
listel_type (identifier)
is (keyword)
begin (keyword)
rtrn (keyword)
e (identifier)
. (operator)
prev (identifier)
; (operator)
end (keyword)
next (identifier)
; (operator)
mutator (keyword)
remove (identifier)
( (operator)
l (identifier)
# (operator)
in (keyword)
out (keyword)
list_type (identifier)
; (operator)
e (identifier)
# (operator)
in (keyword)
out (keyword)
listel_type (identifier)
) (operator)
is (keyword)
begin (keyword)
iftrue (keyword)
( (operator)
e (identifier)
. (operator)
prev (identifier)
!= (operator)
nil (keyword)
) (operator)
select (keyword)
e (identifier)
. (operator)
prev (identifier)
. (operator)
next (identifier)
:= (operator)
e (identifier)
. (operator)
next (identifier)
; (operator)
end (keyword)
iftrue (keyword)
; (operator)
iftrue (keyword)
( (operator)
e (identifier)
. (operator)
next (identifier)
!= (operator)
nil (keyword)
) (operator)
select (keyword)
e (identifier)
. (operator)
next (identifier)
. (operator)
prev (identifier)
:= (operator)
e (identifier)
. (operator)
prev (identifier)
; (operator)
end (keyword)
iftrue (keyword)
; (operator)
iftrue (keyword)
( (operator)
e (identifier)
= (operator)
l (identifier)
. (operator)
head (identifier)
) (operator)
select (keyword)
l (identifier)
. (operator)
head (identifier)
:= (operator)
e (identifier)
. (operator)
next (identifier)
; (operator)
end (keyword)
iftrue (keyword)
; (operator)
iftrue (keyword)
( (operator)
e (identifier)
= (operator)
l (identifier)
. (operator)
tail (identifier)
) (operator)
select (keyword)
l (identifier)
. (operator)
tail (identifier)
:= (operator)
e (identifier)
. (operator)
prev (identifier)
; (operator)
end (keyword)
iftrue (keyword)
; (operator)
dealloc (identifier)
( (operator)
e (identifier)
) (operator)
; (operator)
e (identifier)
:= (operator)
nil (keyword)
; (operator)
end (keyword)
remove (identifier)
; (operator)
functor (keyword)
size (identifier)
( (operator)
l (identifier)
# (operator)
list_type (identifier)
) (operator)
rtrn (keyword)
list_size_type (identifier)
is (keyword)
tmp (identifier)
# (operator)
listel_type (identifier)
; (operator)
n (identifier)
# (operator)
list_size_type (identifier)
; (operator)
begin (keyword)
n (identifier)
:= (operator)
0 (numeric literal)
; (operator)
tmp (identifier)
:= (operator)
l (identifier)
. (operator)
head (identifier)
; (operator)
while (keyword)
( (operator)
tmp (identifier)
!= (operator)
nil (keyword)
) (operator)
loop (keyword)
tmp (identifier)
:= (operator)
tmp (identifier)
. (operator)
next (identifier)
; (operator)
n (identifier)
:= (operator)
n (identifier)
+ (operator)
1 (numeric literal)
; (operator)
end (keyword)
loop (keyword)
; (operator)
rtrn (keyword)
n (identifier)
; (operator)
end (keyword)
size (identifier)
; (operator)
accessor (keyword)
tail (identifier)
( (operator)
l (identifier)
# (operator)
list_type (identifier)
) (operator)
rtrn (keyword)
listel_type (identifier)
is (keyword)
begin (keyword)
rtrn (keyword)
l (identifier)
. (operator)
tail (identifier)
; (operator)
end (keyword)
head (identifier)
; (operator)
end (keyword)
list (identifier)
; (operator)
