unit (keyword)
list (identifier)
interface (keyword)
/*
     * types
     */ (comment)
type (keyword)
list_type (identifier)
; (operator)
type (keyword)
listel_type (identifier)
; (operator)
subtype (keyword)
list_size_type (identifier)
is (keyword)
natural (keyword)
; (operator)
/*
     * routines
     */ (comment)
mutator (keyword)
append (identifier)
( (operator)
l (identifier)
# (operator)
in (keyword)
out (keyword)
list_type (identifier)
; (operator)
x (identifier)
# (operator)
in (keyword)
ptr_type (identifier)
) (operator)
; (operator)
accessor (keyword)
data (identifier)
( (operator)
e (identifier)
# (operator)
listel_type (identifier)
) (operator)
rtrn (keyword)
ptr_type (identifier)
; (operator)
functor (keyword)
find (identifier)
( (operator)
l (identifier)
# (operator)
list_type (identifier)
; (operator)
x (identifier)
# (operator)
ptr_type (identifier)
) (operator)
rtrn (keyword)
listel_type (identifier)
; (operator)
accessor (keyword)
head (identifier)
( (operator)
l (identifier)
# (operator)
list_type (identifier)
) (operator)
rtrn (keyword)
listel_type (identifier)
; (operator)
mutator (keyword)
insert (identifier)
( (operator)
l (identifier)
# (operator)
in (keyword)
out (keyword)
list_type (identifier)
; (operator)
e (identifier)
# (operator)
in (keyword)
out (keyword)
listel_type (identifier)
; (operator)
x (identifier)
# (operator)
in (keyword)
ptr_type (identifier)
) (operator)
; (operator)
accessor (keyword)
next (identifier)
( (operator)
e (identifier)
# (operator)
listel_type (identifier)
) (operator)
rtrn (keyword)
listel_type (identifier)
; (operator)
mutator (keyword)
prepend (identifier)
( (operator)
l (identifier)
# (operator)
in (keyword)
out (keyword)
list_type (identifier)
; (operator)
x (identifier)
# (operator)
in (keyword)
ptr_type (identifier)
) (operator)
; (operator)
accessor (keyword)
prev (identifier)
( (operator)
e (identifier)
# (operator)
listel_type (identifier)
) (operator)
rtrn (keyword)
listel_type (identifier)
; (operator)
mutator (keyword)
remove (identifier)
( (operator)
l (identifier)
# (operator)
in (keyword)
out (keyword)
list_type (identifier)
; (operator)
e (identifier)
# (operator)
in (keyword)
out (keyword)
listel_type (identifier)
) (operator)
; (operator)
functor (keyword)
size (identifier)
( (operator)
l (identifier)
# (operator)
list_type (identifier)
) (operator)
rtrn (keyword)
list_size_type (identifier)
; (operator)
end (keyword)
list (identifier)
; (operator)
