unit (keyword)
natural (keyword)
is (keyword)
/*
     * Here we define that natural is actually just an
     * unconstrained subtype of type ccx_native_unsigned.
     */ (comment)
subtype (keyword)
natural (keyword)
is (keyword)
ccx_native_unsigned (identifier)
; (operator)
functor (keyword)
"+" (string)
( (operator)
lhs (identifier)
, (operator)
rhs (identifier)
# (operator)
natural (keyword)
) (operator)
rtrn (keyword)
natural (keyword)
is (keyword)
begin (keyword)
rtrn (keyword)
( (operator)
lhs (identifier)
. (operator)
val (identifier)
+ (operator)
rhs (identifier)
. (operator)
val (identifier)
) (operator)
; (operator)
end (keyword)
"+" (string)
; (operator)
functor (keyword)
"-" (string)
( (operator)
lhs (identifier)
, (operator)
rhs (identifier)
# (operator)
natural (keyword)
) (operator)
rtrn (keyword)
natural (keyword)
is (keyword)
begin (keyword)
rtrn (keyword)
( (operator)
lhs (identifier)
. (operator)
val (identifier)
- (operator)
rhs (identifier)
. (operator)
val (identifier)
) (operator)
; (operator)
end (keyword)
"-" (string)
; (operator)
functor (keyword)
"-" (string)
( (operator)
x (identifier)
# (operator)
natural (keyword)
) (operator)
rtrn (keyword)
natural (keyword)
is (keyword)
begin (keyword)
rtrn (keyword)
( (operator)
- (operator)
x (identifier)
. (operator)
val (identifier)
) (operator)
; (operator)
end (keyword)
"-" (string)
; (operator)
functor (keyword)
"*" (string)
( (operator)
lhs (identifier)
, (operator)
rhs (identifier)
# (operator)
natural (keyword)
) (operator)
rtrn (keyword)
natural (keyword)
is (keyword)
begin (keyword)
rtrn (keyword)
( (operator)
lhs (identifier)
. (operator)
val (identifier)
* (operator)
rhs (identifier)
. (operator)
val (identifier)
) (operator)
; (operator)
end (keyword)
"*" (string)
; (operator)
functor (keyword)
"/" (string)
( (operator)
lhs (identifier)
, (operator)
rhs (identifier)
# (operator)
natural (keyword)
) (operator)
rtrn (keyword)
natural (keyword)
is (keyword)
begin (keyword)
iftrue (keyword)
( (operator)
rhs (identifier)
. (operator)
val (identifier)
= (operator)
0 (numeric literal)
) (operator)
select (keyword)
/*
             * Raise an exception... won't rtrn from this.
             */ (comment)
rtl (identifier)
. (operator)
raise_exception (identifier)
( (operator)
E_DIVBYZERO (identifier)
) (operator)
; (operator)
end (keyword)
iftrue (keyword)
; (operator)
rtrn (keyword)
( (operator)
lhs (identifier)
. (operator)
val (identifier)
/ (operator)
rhs (identifier)
. (operator)
val (identifier)
) (operator)
; (operator)
end (keyword)
"/" (string)
; (operator)
functor (keyword)
"mod" (string)
( (operator)
lhs (identifier)
, (operator)
rhs (identifier)
# (operator)
natural (keyword)
) (operator)
rtrn (keyword)
natural (keyword)
is (keyword)
begin (keyword)
iftrue (keyword)
( (operator)
rhs (identifier)
. (operator)
val (identifier)
= (operator)
0 (numeric literal)
) (operator)
select (keyword)
/*
             * Raise an exception... won't rtrn from this.
             */ (comment)
rtl (identifier)
. (operator)
raise_exception (identifier)
( (operator)
E_DIVBYZERO (identifier)
) (operator)
; (operator)
end (keyword)
iftrue (keyword)
; (operator)
rtrn (keyword)
( (operator)
lhs (identifier)
. (operator)
val (identifier)
mod (identifier)
rhs (identifier)
. (operator)
val (identifier)
) (operator)
; (operator)
end (keyword)
"mod" (string)
; (operator)
end (keyword)
natural (keyword)
; (operator)
